/*C12*/SET SCHEMA PUBLIC
DELETE FROM NOTE WHERE ID=1
INSERT INTO NOTE VALUES(1,'VAI K\u00c9 TESTE PRA CARDIACO','TAFAREEELLLLLLLLSON')
COMMIT
DELETE FROM NOTE WHERE ID=3
INSERT INTO NOTE VALUES(3,'VAI K\u00c9 TESTE PRA CARDIACO','TAFA')
COMMIT
DISCONNECT
/*C13*/SET SCHEMA PUBLIC
DISCONNECT
/*C14*/SET SCHEMA PUBLIC
DISCONNECT
/*C15*/SET SCHEMA PUBLIC
DISCONNECT
/*C16*/SET SCHEMA PUBLIC
DISCONNECT
/*C17*/SET SCHEMA PUBLIC
DISCONNECT
/*C18*/SET SCHEMA PUBLIC
DISCONNECT
/*C19*/SET SCHEMA PUBLIC
DISCONNECT
/*C20*/SET SCHEMA PUBLIC
DISCONNECT
/*C21*/SET SCHEMA PUBLIC
DISCONNECT
